# JRE version: Java(TM) SE Runtime Environment (8.0_112-b15) (build 1.8.0_112-b15)
# Java VM: Java HotSpot(TM) 64-Bit Server VM (25.112-b15 mixed mode windows-amd64 compressed oops)
Heap:
 PSYoungGen      total 58368K, used 53055K [0x00000007bc400000, 0x00000007c0000000, 0x00000007c0000000)
  eden space 55296K, 92% used [0x00000007bc400000,0x00000007bf5efc10,0x00000007bfa00000)
  from space 3072K, 62% used [0x00000007bfd00000,0x00000007bfee0000,0x00000007c0000000)
  to   space 3072K, 0% used [0x00000007bfa00000,0x00000007bfa00000,0x00000007bfd00000)
 ParOldGen       total 150528K, used 68017K [0x0000000700000000, 0x0000000709300000, 0x00000007bc400000)
  object space 150528K, 45% used [0x0000000700000000,0x000000070426c758,0x0000000709300000)
 Metaspace       used 75108K, capacity 75901K, committed 76376K, reserved 1116160K
  class space    used 9956K, capacity 10111K, committed 10112K, reserved 1048576K
GC Heap History (10 events):
Event: 26969.975 GC heap before
{Heap before GC invocations=2304 (full 364):
 PSYoungGen      total 57856K, used 56448K [0x00000007bc400000, 0x00000007c0000000, 0x00000007c0000000)
  eden space 54272K, 100% used [0x00000007bc400000,0x00000007bf900000,0x00000007bf900000)
  from space 3584K, 60% used [0x00000007bf900000,0x00000007bfb20000,0x00000007bfc80000)
  to   space 3584K, 0% used [0x00000007bfc80000,0x00000007bfc80000,0x00000007c0000000)
 ParOldGen       total 150528K, used 67521K [0x0000000700000000, 0x0000000709300000, 0x00000007bc400000)
  object space 150528K, 44% used [0x0000000700000000,0x00000007041f0758,0x0000000709300000)
 Metaspace       used 75097K, capacity 75901K, committed 76376K, reserved 1116160K
  class space    used 9956K, capacity 10111K, committed 10112K, reserved 1048576K
Event: 26969.978 GC heap after
Heap after GC invocations=2304 (full 364):
 PSYoungGen      total 57856K, used 2016K [0x00000007bc400000, 0x00000007c0000000, 0x00000007c0000000)
  eden space 54272K, 0% used [0x00000007bc400000,0x00000007bc400000,0x00000007bf900000)
  from space 3584K, 56% used [0x00000007bfc80000,0x00000007bfe78000,0x00000007c0000000)
  to   space 3584K, 0% used [0x00000007bf900000,0x00000007bf900000,0x00000007bfc80000)
 ParOldGen       total 150528K, used 67833K [0x0000000700000000, 0x0000000709300000, 0x00000007bc400000)
  object space 150528K, 45% used [0x0000000700000000,0x000000070423e758,0x0000000709300000)
 Metaspace       used 75097K, capacity 75901K, committed 76376K, reserved 1116160K
  class space    used 9956K, capacity 10111K, committed 10112K, reserved 1048576K
}
Event: 26971.335 GC heap before
{Heap before GC invocations=2305 (full 364):
 PSYoungGen      total 57856K, used 56288K [0x00000007bc400000, 0x00000007c0000000, 0x00000007c0000000)
  eden space 54272K, 100% used [0x00000007bc400000,0x00000007bf900000,0x00000007bf900000)
  from space 3584K, 56% used [0x00000007bfc80000,0x00000007bfe78000,0x00000007c0000000)
  to   space 3584K, 0% used [0x00000007bf900000,0x00000007bf900000,0x00000007bfc80000)
 ParOldGen       total 150528K, used 67833K [0x0000000700000000, 0x0000000709300000, 0x00000007bc400000)
  object space 150528K, 45% used [0x0000000700000000,0x000000070423e758,0x0000000709300000)
 Metaspace       used 75097K, capacity 75901K, committed 76376K, reserved 1116160K
  class space    used 9956K, capacity 10111K, committed 10112K, reserved 1048576K
Event: 26971.338 GC heap after
Heap after GC invocations=2305 (full 364):
 PSYoungGen      total 57856K, used 2112K [0x00000007bc400000, 0x00000007c0000000, 0x00000007c0000000)
  eden space 54272K, 0% used [0x00000007bc400000,0x00000007bc400000,0x00000007bf900000)
  from space 3584K, 58% used [0x00000007bf900000,0x00000007bfb10000,0x00000007bfc80000)
  to   space 3072K, 0% used [0x00000007bfd00000,0x00000007bfd00000,0x00000007c0000000)
 ParOldGen       total 150528K, used 67897K [0x0000000700000000, 0x0000000709300000, 0x00000007bc400000)
  object space 150528K, 45% used [0x0000000700000000,0x000000070424e758,0x0000000709300000)
 Metaspace       used 75097K, capacity 75901K, committed 76376K, reserved 1116160K
  class space    used 9956K, capacity 10111K, committed 10112K, reserved 1048576K
}
Event: 26972.620 GC heap before
{Heap before GC invocations=2306 (full 364):
 PSYoungGen      total 57856K, used 56384K [0x00000007bc400000, 0x00000007c0000000, 0x00000007c0000000)
  eden space 54272K, 100% used [0x00000007bc400000,0x00000007bf900000,0x00000007bf900000)
  from space 3584K, 58% used [0x00000007bf900000,0x00000007bfb10000,0x00000007bfc80000)
  to   space 3072K, 0% used [0x00000007bfd00000,0x00000007bfd00000,0x00000007c0000000)
 ParOldGen       total 150528K, used 67897K [0x0000000700000000, 0x0000000709300000, 0x00000007bc400000)
  object space 150528K, 45% used [0x0000000700000000,0x000000070424e758,0x0000000709300000)
 Metaspace       used 75097K, capacity 75901K, committed 76376K, reserved 1116160K
  class space    used 9956K, capacity 10111K, committed 10112K, reserved 1048576K
Event: 26972.623 GC heap after
Heap after GC invocations=2306 (full 364):
 PSYoungGen      total 58368K, used 2176K [0x00000007bc400000, 0x00000007c0000000, 0x00000007c0000000)
  eden space 55296K, 0% used [0x00000007bc400000,0x00000007bc400000,0x00000007bfa00000)
  from space 3072K, 70% used [0x00000007bfd00000,0x00000007bff20000,0x00000007c0000000)
  to   space 3072K, 0% used [0x00000007bfa00000,0x00000007bfa00000,0x00000007bfd00000)
 ParOldGen       total 150528K, used 67905K [0x0000000700000000, 0x0000000709300000, 0x00000007bc400000)
  object space 150528K, 45% used [0x0000000700000000,0x0000000704250758,0x0000000709300000)
 Metaspace       used 75097K, capacity 75901K, committed 76376K, reserved 1116160K
  class space    used 9956K, capacity 10111K, committed 10112K, reserved 1048576K
}
Event: 26972.777 GC heap before
{Heap before GC invocations=2307 (full 364):
 PSYoungGen      total 58368K, used 57472K [0x00000007bc400000, 0x00000007c0000000, 0x00000007c0000000)
  eden space 55296K, 100% used [0x00000007bc400000,0x00000007bfa00000,0x00000007bfa00000)
  from space 3072K, 70% used [0x00000007bfd00000,0x00000007bff20000,0x00000007c0000000)
  to   space 3072K, 0% used [0x00000007bfa00000,0x00000007bfa00000,0x00000007bfd00000)
 ParOldGen       total 150528K, used 67905K [0x0000000700000000, 0x0000000709300000, 0x00000007bc400000)
  object space 150528K, 45% used [0x0000000700000000,0x0000000704250758,0x0000000709300000)
 Metaspace       used 75097K, capacity 75901K, committed 76376K, reserved 1116160K
  class space    used 9956K, capacity 10111K, committed 10112K, reserved 1048576K
Event: 26972.780 GC heap after
Heap after GC invocations=2307 (full 364):
 PSYoungGen      total 58368K, used 2208K [0x00000007bc400000, 0x00000007c0000000, 0x00000007c0000000)
  eden space 55296K, 0% used [0x00000007bc400000,0x00000007bc400000,0x00000007bfa00000)
  from space 3072K, 71% used [0x00000007bfa00000,0x00000007bfc28000,0x00000007bfd00000)
  to   space 3072K, 0% used [0x00000007bfd00000,0x00000007bfd00000,0x00000007c0000000)
 ParOldGen       total 150528K, used 67961K [0x0000000700000000, 0x0000000709300000, 0x00000007bc400000)
  object space 150528K, 45% used [0x0000000700000000,0x000000070425e758,0x0000000709300000)
 Metaspace       used 75097K, capacity 75901K, committed 76376K, reserved 1116160K
  class space    used 9956K, capacity 10111K, committed 10112K, reserved 1048576K
}
Event: 26985.211 GC heap before
{Heap before GC invocations=2308 (full 364):
 PSYoungGen      total 58368K, used 57504K [0x00000007bc400000, 0x00000007c0000000, 0x00000007c0000000)
  eden space 55296K, 100% used [0x00000007bc400000,0x00000007bfa00000,0x00000007bfa00000)
  from space 3072K, 71% used [0x00000007bfa00000,0x00000007bfc28000,0x00000007bfd00000)
  to   space 3072K, 0% used [0x00000007bfd00000,0x00000007bfd00000,0x00000007c0000000)
 ParOldGen       total 150528K, used 67961K [0x0000000700000000, 0x0000000709300000, 0x00000007bc400000)
  object space 150528K, 45% used [0x0000000700000000,0x000000070425e758,0x0000000709300000)
 Metaspace       used 75100K, capacity 75901K, committed 76376K, reserved 1116160K
  class space    used 9956K, capacity 10111K, committed 10112K, reserved 1048576K
Event: 26985.214 GC heap after
Heap after GC invocations=2308 (full 364):
 PSYoungGen      total 58368K, used 1920K [0x00000007bc400000, 0x00000007c0000000, 0x00000007c0000000)
  eden space 55296K, 0% used [0x00000007bc400000,0x00000007bc400000,0x00000007bfa00000)
  from space 3072K, 62% used [0x00000007bfd00000,0x00000007bfee0000,0x00000007c0000000)
  to   space 3072K, 0% used [0x00000007bfa00000,0x00000007bfa00000,0x00000007bfd00000)
 ParOldGen       total 150528K, used 68017K [0x0000000700000000, 0x0000000709300000, 0x00000007bc400000)
  object space 150528K, 45% used [0x0000000700000000,0x000000070426c758,0x0000000709300000)
 Metaspace       used 75100K, capacity 75901K, committed 76376K, reserved 1116160K
  class space    used 9956K, capacity 10111K, committed 10112K, reserved 1048576K
}

